[06-05 11:16:12]: [INFO] Created column 'regdate' and set the current timestamp, 1717575372446, to all 0 rows
[06-05 11:16:12]: [INFO] SQLite Setup finished
[06-05 11:16:12]: [INFO] No supported permissions system found! Permissions are disabled!
[06-05 11:16:12]: [WARN] WARNING! The protectInventory feature requires ProtocolLib! Disabling it...
[06-05 11:16:12]: [INFO] AuthMe 5.6.0-beta2 build n.2453 successfully enabled!
[06-05 11:16:12]: [INFO] Downloading GEO IP database, because the old database is older than 30 days or doesn't exist
[06-05 11:16:12]: [WARN] No MaxMind credentials found in the configuration file! GeoIp protections will be disabled.
[06-05 11:16:12]: [INFO] There is no newer GEO IP database uploaded to MaxMind. Using the old one for now.
[06-05 11:16:12]: [WARN] Could not download GeoLiteAPI database [FileNotFoundException]: plugins/AuthMe/GeoLite2-Country.mmdb (No such file or directory)
[06-05 11:16:12]: java.io.FileNotFoundException: plugins/AuthMe/GeoLite2-Country.mmdb (No such file or directory)
	at java.base/java.io.RandomAccessFile.open0(Native Method)
	at java.base/java.io.RandomAccessFile.open(RandomAccessFile.java:356)
	at java.base/java.io.RandomAccessFile.<init>(RandomAccessFile.java:273)
	at java.base/java.io.RandomAccessFile.<init>(RandomAccessFile.java:223)
	at AuthMe-5.6.0-beta2.jar//fr.xephi.authme.libs.com.maxmind.db.BufferHolder.<init>(BufferHolder.java:20)
	at AuthMe-5.6.0-beta2.jar//fr.xephi.authme.libs.com.maxmind.db.Reader.<init>(Reader.java:121)
	at AuthMe-5.6.0-beta2.jar//fr.xephi.authme.service.GeoIpService.startReading(GeoIpService.java:173)
	at AuthMe-5.6.0-beta2.jar//fr.xephi.authme.service.GeoIpService.updateDatabase(GeoIpService.java:144)
	at org.bukkit.craftbukkit.scheduler.CraftTask.run(CraftTask.java:101)
	at org.bukkit.craftbukkit.scheduler.CraftAsyncTask.run(CraftAsyncTask.java:57)
	at com.destroystokyo.paper.ServerSchedulerReportingWrapper.run(ServerSchedulerReportingWrapper.java:22)
	at java.base/java.util.concurrent.ThreadPoolExecutor.runWorker(ThreadPoolExecutor.java:1144)
	at java.base/java.util.concurrent.ThreadPoolExecutor$Worker.run(ThreadPoolExecutor.java:642)
	at java.base/java.lang.Thread.run(Thread.java:1583)

[06-05 11:17:21]: [INFO] AuthMe 5.6.0-beta2-b2453 disabled!
[06-05 11:17:23]: [INFO] SQLite Setup finished
[06-05 11:17:23]: [INFO] No supported permissions system found! Permissions are disabled!
[06-05 11:17:23]: [WARN] WARNING! The protectInventory feature requires ProtocolLib! Disabling it...
[06-05 11:17:23]: [INFO] AuthMe 5.6.0-beta2 build n.2453 successfully enabled!
[06-05 11:17:23]: [INFO] Downloading GEO IP database, because the old database is older than 30 days or doesn't exist
[06-05 11:17:23]: [WARN] No MaxMind credentials found in the configuration file! GeoIp protections will be disabled.
[06-05 11:17:23]: [INFO] There is no newer GEO IP database uploaded to MaxMind. Using the old one for now.
[06-05 11:17:23]: [WARN] Could not download GeoLiteAPI database [FileNotFoundException]: plugins/AuthMe/GeoLite2-Country.mmdb (No such file or directory)
[06-05 11:17:23]: java.io.FileNotFoundException: plugins/AuthMe/GeoLite2-Country.mmdb (No such file or directory)
	at java.base/java.io.RandomAccessFile.open0(Native Method)
	at java.base/java.io.RandomAccessFile.open(RandomAccessFile.java:356)
	at java.base/java.io.RandomAccessFile.<init>(RandomAccessFile.java:273)
	at java.base/java.io.RandomAccessFile.<init>(RandomAccessFile.java:223)
	at AuthMe-5.6.0-beta2.jar//fr.xephi.authme.libs.com.maxmind.db.BufferHolder.<init>(BufferHolder.java:20)
	at AuthMe-5.6.0-beta2.jar//fr.xephi.authme.libs.com.maxmind.db.Reader.<init>(Reader.java:121)
	at AuthMe-5.6.0-beta2.jar//fr.xephi.authme.service.GeoIpService.startReading(GeoIpService.java:173)
	at AuthMe-5.6.0-beta2.jar//fr.xephi.authme.service.GeoIpService.updateDatabase(GeoIpService.java:144)
	at org.bukkit.craftbukkit.scheduler.CraftTask.run(CraftTask.java:101)
	at org.bukkit.craftbukkit.scheduler.CraftAsyncTask.run(CraftAsyncTask.java:57)
	at com.destroystokyo.paper.ServerSchedulerReportingWrapper.run(ServerSchedulerReportingWrapper.java:22)
	at java.base/java.util.concurrent.ThreadPoolExecutor.runWorker(ThreadPoolExecutor.java:1144)
	at java.base/java.util.concurrent.ThreadPoolExecutor$Worker.run(ThreadPoolExecutor.java:642)
	at java.base/java.lang.Thread.run(Thread.java:1583)

[06-05 11:17:34]: [INFO] AuthMe 5.6.0-beta2-b2453 disabled!
