[20:14:00] [ServerMain/INFO]: Environment: Environment[sessionHost=https://sessionserver.mojang.com, servicesHost=https://api.minecraftservices.com, name=PROD]
[20:14:01] [ServerMain/INFO]: Loaded 1175 recipes
[20:14:01] [ServerMain/INFO]: Loaded 1276 advancements
[20:14:01] [Server thread/INFO]: Starting minecraft server version 1.20.6
[20:14:01] [Server thread/INFO]: Loading properties
[20:14:01] [Server thread/INFO]: This server is running Paper version 1.20.6-134-master@4f13be9 (2024-06-03T20:41:00Z) (Implementing API version 1.20.6-R0.1-SNAPSHOT)
[20:14:02] [Server thread/INFO]: Server Ping Player Sample Count: 12
[20:14:02] [Server thread/INFO]: Using 4 threads for Netty based IO
[20:14:02] [Server thread/WARN]: [!] The timings profiler has been enabled but has been scheduled for removal from Paper in the future.
    We recommend installing the spark profiler as a replacement: https://spark.lucko.me/
    For more information please visit: https://github.com/PaperMC/Paper/issues/8948
[20:14:02] [Server thread/INFO]: [ChunkTaskScheduler] Chunk system is using 1 I/O threads, 2 worker threads, and gen parallelism of 2 threads
[20:14:02] [Server thread/INFO]: Default game type: SURVIVAL
[20:14:02] [Server thread/INFO]: Generating keypair
[20:14:02] [Server thread/INFO]: Starting Minecraft server on *:25565
[20:14:02] [Server thread/INFO]: Using default channel type
[20:14:02] [Server thread/INFO]: Paper: Using libdeflate (macOS ARM64 / Apple Silicon) compression from Velocity.
[20:14:02] [Server thread/INFO]: Paper: Using native (macOS ARM64 / Apple Silicon) cipher from Velocity.
[20:14:02] [Server thread/INFO]: [ClientBlocker] Loading server plugin ClientBlocker v1.2
[20:14:02] [Server thread/INFO]: Server permissions file permissions.yml is empty, ignoring it
[20:14:02] [Server thread/INFO]: [ClientBlocker] Enabling ClientBlocker v1.2
[20:14:02] [Server thread/INFO]: The following clients will be allowed to connect: [vanilla]
[20:14:02] [Server thread/WARN]: **** SERVER IS RUNNING IN OFFLINE/INSECURE MODE!
[20:14:02] [Server thread/WARN]: The server will make no attempt to authenticate usernames. Beware.
[20:14:02] [Server thread/WARN]: While this makes the game possible to play without internet access, it also opens up the ability for hackers to connect with any username they choose.
[20:14:02] [Server thread/WARN]: To change this, set "online-mode" to "true" in the server.properties file.
[20:14:02] [Server thread/INFO]: Preparing level "world"
[20:14:03] [Server console handler/ERROR]: Caught previously unhandled exception :
java.io.IOError: java.io.IOException: Input/output error
	at org.jline.keymap.BindingReader.readCharacter(BindingReader.java:170) ~[jline-reader-3.20.0.jar:?]
	at org.jline.keymap.BindingReader.readBinding(BindingReader.java:110) ~[jline-reader-3.20.0.jar:?]
	at org.jline.keymap.BindingReader.readBinding(BindingReader.java:61) ~[jline-reader-3.20.0.jar:?]
	at org.jline.reader.impl.LineReaderImpl.doReadBinding(LineReaderImpl.java:923) ~[jline-reader-3.20.0.jar:?]
	at org.jline.reader.impl.LineReaderImpl.readBinding(LineReaderImpl.java:956) ~[jline-reader-3.20.0.jar:?]
	at org.jline.reader.impl.LineReaderImpl.readLine(LineReaderImpl.java:651) ~[jline-reader-3.20.0.jar:?]
	at org.jline.reader.impl.LineReaderImpl.readLine(LineReaderImpl.java:468) ~[jline-reader-3.20.0.jar:?]
	at net.minecrell.terminalconsole.SimpleTerminalConsole.readCommands(SimpleTerminalConsole.java:158) ~[terminalconsoleappender-1.3.0.jar:?]
	at net.minecrell.terminalconsole.SimpleTerminalConsole.start(SimpleTerminalConsole.java:141) ~[terminalconsoleappender-1.3.0.jar:?]
	at net.minecraft.server.dedicated.DedicatedServer$1.run(DedicatedServer.java:113) ~[paper-1.20.6.jar:1.20.6-134-4f13be9]
Caused by: java.io.IOException: Input/output error
	at java.base/java.io.FileInputStream.read0(Native Method) ~[?:?]
	at java.base/java.io.FileInputStream.read(FileInputStream.java:231) ~[?:?]
	at org.jline.terminal.impl.AbstractPty$PtyInputStream.read(AbstractPty.java:73) ~[jline-terminal-3.21.0.jar:?]
	at org.jline.utils.NonBlockingInputStream.read(NonBlockingInputStream.java:62) ~[jline-terminal-3.21.0.jar:?]
	at org.jline.utils.NonBlocking$NonBlockingInputStreamReader.read(NonBlocking.java:168) ~[jline-terminal-3.21.0.jar:?]
	at org.jline.utils.NonBlockingReader.read(NonBlockingReader.java:57) ~[jline-terminal-3.21.0.jar:?]
	at org.jline.keymap.BindingReader.readCharacter(BindingReader.java:160) ~[jline-reader-3.20.0.jar:?]
	... 9 more
[20:14:03] [Server thread/INFO]: Preparing start region for dimension minecraft:overworld
[20:14:03] [Server thread/INFO]: Time elapsed: 581 ms
[20:14:03] [Server thread/INFO]: Preparing start region for dimension minecraft:the_nether
[20:14:03] [Server thread/INFO]: Time elapsed: 68 ms
[20:14:03] [Server thread/INFO]: Preparing start region for dimension minecraft:the_end
[20:14:03] [Server thread/INFO]: Time elapsed: 49 ms
[20:14:04] [Server thread/INFO]: Running delayed init tasks
[20:14:04] [Server thread/INFO]: Done (2.543s)! For help, type "help"
[20:14:04] [Server thread/INFO]: Stopping server
[20:14:04] [Server thread/INFO]: [ClientBlocker] Disabling ClientBlocker v1.2
[20:14:04] [Server thread/INFO]: Saving players
[20:14:04] [Server thread/INFO]: Saving worlds
[20:14:04] [Server thread/INFO]: Saving chunks for level 'ServerLevel[world]'/minecraft:overworld
[20:14:04] [Server thread/INFO]: [ChunkHolderManager] Waiting 60s for chunk system to halt for world 'world'
[20:14:04] [Server thread/INFO]: [ChunkHolderManager] Halted chunk system for world 'world'
[20:14:04] [Server thread/INFO]: [ChunkHolderManager] Saving all chunkholders for world 'world'
[20:14:04] [Server thread/INFO]: [ChunkHolderManager] Saved 49 block chunks, 49 entity chunks, 0 poi chunks in world 'world' in 0.16s
[20:14:04] [Server thread/INFO]: ThreadedAnvilChunkStorage (world): All chunks are saved
[20:14:04] [Server thread/INFO]: Saving chunks for level 'ServerLevel[world_nether]'/minecraft:the_nether
[20:14:04] [Server thread/INFO]: [ChunkHolderManager] Waiting 60s for chunk system to halt for world 'world_nether'
[20:14:04] [Server thread/INFO]: [ChunkHolderManager] Halted chunk system for world 'world_nether'
[20:14:04] [Server thread/INFO]: [ChunkHolderManager] Saving all chunkholders for world 'world_nether'
[20:14:04] [Server thread/INFO]: [ChunkHolderManager] Saved 49 block chunks, 49 entity chunks, 0 poi chunks in world 'world_nether' in 0.08s
[20:14:04] [Server thread/INFO]: ThreadedAnvilChunkStorage (DIM-1): All chunks are saved
[20:14:04] [Server thread/INFO]: Saving chunks for level 'ServerLevel[world_the_end]'/minecraft:the_end
[20:14:04] [Server thread/INFO]: [ChunkHolderManager] Waiting 60s for chunk system to halt for world 'world_the_end'
[20:14:04] [Server thread/INFO]: [ChunkHolderManager] Halted chunk system for world 'world_the_end'
[20:14:04] [Server thread/INFO]: [ChunkHolderManager] Saving all chunkholders for world 'world_the_end'
[20:14:04] [Server thread/INFO]: [ChunkHolderManager] Saved 49 block chunks, 49 entity chunks, 0 poi chunks in world 'world_the_end' in 0.04s
[20:14:04] [Server thread/INFO]: ThreadedAnvilChunkStorage (DIM1): All chunks are saved
[20:14:04] [Server thread/INFO]: ThreadedAnvilChunkStorage: All dimensions are saved
[20:14:04] [Server thread/INFO]: Flushing Chunk IO
[20:14:04] [Server thread/INFO]: Closing Thread Pool
[20:14:06] [Server thread/INFO]: Closing Server
